Traceback (most recent call last):
  File "process_data.py", line 88, in <module>
    yt.download_list_youtube("../train_partition.txt")
  File "/home/forgione/Desktop/Code/youtube_clips.py", line 93, in download_list_youtube
    download_youtube_video(url)
  File "/home/forgione/Desktop/Code/youtube_clips.py", line 44, in download_youtube_video
    yt = YouTube(url)
  File "/home/forgione/.local/lib/python2.7/site-packages/pytube/__main__.py", line 81, in __init__
    self.prefetch_init()
  File "/home/forgione/.local/lib/python2.7/site-packages/pytube/__main__.py", line 89, in prefetch_init
    self.prefetch()
  File "/home/forgione/.local/lib/python2.7/site-packages/pytube/__main__.py", line 148, in prefetch
    watch_html=self.watch_html,
  File "/home/forgione/.local/lib/python2.7/site-packages/pytube/extract.py", line 75, in video_info_url
    t = regex_search(r'\W[\'"]?t[\'"]?: ?[\'"](.+?)[\'"]', watch_html, group=0)
  File "/home/forgione/.local/lib/python2.7/site-packages/pytube/helpers.py", line 39, in regex_search
    .format(pattern=pattern),
pytube.exceptions.RegexMatchError: regex pattern (\W[\'"]?t[\'"]?: ?[\'"](.+?)[\'"]) had zero matches
Downloading: https://www.youtube.com/watch?v=ABl8-quPXcw
Downloading: https://www.youtube.com/watch?v=ACkluiL6-xc
Downloading: https://www.youtube.com/watch?v=AExIakR1eyQ
Downloading: https://www.youtube.com/watch?v=ANy08nKkaQ8
Failed: https://www.youtube.com/watch?v=AOF6khRRqEk
Downloading: https://www.youtube.com/watch?v=AVG-Or90m0Y
Downloading: https://www.youtube.com/watch?v=AY03R8UYE4c
Failed: https://www.youtube.com/watch?v=AZM37_FqL5w
Downloading: https://www.youtube.com/watch?v=Aaqp0c-q2vw
Failed: https://www.youtube.com/watch?v=AdOFV2ujBWc
Downloading: https://www.youtube.com/watch?v=AddbUsFl30M
Downloading: https://www.youtube.com/watch?v=Ae8FFmxSMCs
Downloading: https://www.youtube.com/watch?v=Afr_gr1rR7c
Downloading: https://www.youtube.com/watch?v=Aoq4jf_TK1g
Downloading: https://www.youtube.com/watch?v=At8j2EIcLdg
Downloading: https://www.youtube.com/watch?v=AxkJmACBB64
Downloading: https://www.youtube.com/watch?v=A1gpcqLIg0k
Failed: https://www.youtube.com/watch?v=A4GQay1GLP4
Downloading: https://www.youtube.com/watch?v=A5gbGSd0XQE
Downloading: https://www.youtube.com/watch?v=A51W0ZdCrvk
Failed: https://www.youtube.com/watch?v=BENPy8cQSIg
Downloading: https://www.youtube.com/watch?v=BL8HS4AQZkY
Downloading: https://www.youtube.com/watch?v=BMmMKmUwqIA
Downloading: https://www.youtube.com/watch?v=BPtEGFiV9Uo
Downloading: https://www.youtube.com/watch?v=BP7ZJgnya44
Downloading: https://www.youtube.com/watch?v=BWYPOToJu24
Downloading: https://www.youtube.com/watch?v=BWZkUdz3Owg
Downloading: https://www.youtube.com/watch?v=BYKWHEeFvh8
Downloading: https://www.youtube.com/watch?v=BfDDPCVh0rU
Downloading: https://www.youtube.com/watch?v=BgX3WS4SY0s
Downloading: https://www.youtube.com/watch?v=Bh_Biz2KfRk
Downloading: https://www.youtube.com/watch?v=BmABZtmFRxQ
Downloading: https://www.youtube.com/watch?v=BoSvR9Xr_8g
Downloading: https://www.youtube.com/watch?v=BrkZ1ODPUuA
Downloading: https://www.youtube.com/watch?v=BtilTaLdDQY
Downloading: https://www.youtube.com/watch?v=Bv80pJ1sk34
Failed: https://www.youtube.com/watch?v=CAkV0uDSvjA
Downloading: https://www.youtube.com/watch?v=CH5ozIRU5X4
Downloading: https://www.youtube.com/watch?v=CLfot18opRI
Downloading: https://www.youtube.com/watch?v=CPX2PoDxds8
Downloading: https://www.youtube.com/watch?v=CUeq7XE6glE
Downloading: https://www.youtube.com/watch?v=CVYutb7dwPg
Downloading: https://www.youtube.com/watch?v=CWwtiHPRayI
Downloading: https://www.youtube.com/watch?v=CW8ixfEOVK4
Downloading: https://www.youtube.com/watch?v=CgP1ojlrAs0
Failed: https://www.youtube.com/watch?v=Cgn5ejrnRes
Downloading: https://www.youtube.com/watch?v=CnfUlwIT3ZA
Downloading: https://www.youtube.com/watch?v=CnidSrE_mlc
Downloading: https://www.youtube.com/watch?v=CqbpQVNEkLQ
Downloading: https://www.youtube.com/watch?v=CxW1pmymV-c
Downloading: https://www.youtube.com/watch?v=CyjSza5QajM
Downloading: https://www.youtube.com/watch?v=Cyj8kbA5Q_A
Downloading: https://www.youtube.com/watch?v=CylNvyCT6EY
Downloading: https://www.youtube.com/watch?v=C1iuA-cmcvY
Downloading: https://www.youtube.com/watch?v=C-uPSAt61J8
Downloading: https://www.youtube.com/watch?v=C_2QlJbYJ-8
Downloading: https://www.youtube.com/watch?v=DDZLXNay1i8
Downloading: https://www.youtube.com/watch?v=DIf40N96IRg
Downloading: https://www.youtube.com/watch?v=DIxRH25f-08
Downloading: https://www.youtube.com/watch?v=DMNm2x-253c
Downloading: https://www.youtube.com/watch?v=DS5FTSyzAic
Downloading: https://www.youtube.com/watch?v=DX9Ok4mzHyc
Downloading: https://www.youtube.com/watch?v=Dbhz4cTTZYM
Downloading: https://www.youtube.com/watch?v=DboIvL_DHCs
Downloading: https://www.youtube.com/watch?v=Dbxtg71QpfE
Downloading: https://www.youtube.com/watch?v=DgY8Fc6akrE
Downloading: https://www.youtube.com/watch?v=Dgtpp8C5ZGM
Downloading: https://www.youtube.com/watch?v=Dis65W-N_a8
Downloading: https://www.youtube.com/watch?v=DjDfddwQtTQ
Downloading: https://www.youtube.com/watch?v=DksftX70lCM
Downloading: https://www.youtube.com/watch?v=Dk-F4_P3IyU
Downloading: https://www.youtube.com/watch?v=DlQ18OVeEN0
Downloading: https://www.yo